{ error: { Error: Cannot find module './config/server.json'
    at Function.Module._resolveFilename (module.js:548:15)
    at Function.Module._load (module.js:475:25)
    at Module.require (module.js:597:17)
    at require (internal/module.js:11:18)
    at Object.<anonymous> (F:\POC\server-status-logger\routes.js:1:78)
    at Module._compile (module.js:653:30)
    at Object.Module._extensions..js (module.js:664:10)
    at Module.load (module.js:566:32)
    at tryModuleLoad (module.js:506:12)
    at Function.Module._load (module.js:498:3)
    at Module.require (module.js:597:17)
    at require (internal/module.js:11:18)
    at Object.<anonymous> (F:\POC\server-status-logger\index.js:4:16)
    at Module._compile (module.js:653:30)
    at Object.Module._extensions..js (module.js:664:10)
    at Module.load (module.js:566:32)
    at tryModuleLoad (module.js:506:12)
    at Function.Module._load (module.js:498:3)
    at Function.Module.runMain (module.js:694:10)
    at startup (bootstrap_node.js:204:16)
    at bootstrap_node.js:625:3 code: 'MODULE_NOT_FOUND' },
  level: 'error',
  message: 'uncaughtException: Cannot find module \'./config/server.json\'\nError: Cannot find module \'./config/server.json\'\n    at Function.Module._resolveFilename (module.js:548:15)\n    at Function.Module._load (module.js:475:25)\n    at Module.require (module.js:597:17)\n    at require (internal/module.js:11:18)\n    at Object.<anonymous> (F:\\POC\\server-status-logger\\routes.js:1:78)\n    at Module._compile (module.js:653:30)\n    at Object.Module._extensions..js (module.js:664:10)\n    at Module.load (module.js:566:32)\n    at tryModuleLoad (module.js:506:12)\n    at Function.Module._load (module.js:498:3)\n    at Module.require (module.js:597:17)\n    at require (internal/module.js:11:18)\n    at Object.<anonymous> (F:\\POC\\server-status-logger\\index.js:4:16)\n    at Module._compile (module.js:653:30)\n    at Object.Module._extensions..js (module.js:664:10)\n    at Module.load (module.js:566:32)\n    at tryModuleLoad (module.js:506:12)\n    at Function.Module._load (module.js:498:3)\n    at Function.Module.runMain (module.js:694:10)\n    at startup (bootstrap_node.js:204:16)\n    at bootstrap_node.js:625:3',
  stack: 'Error: Cannot find module \'./config/server.json\'\n    at Function.Module._resolveFilename (module.js:548:15)\n    at Function.Module._load (module.js:475:25)\n    at Module.require (module.js:597:17)\n    at require (internal/module.js:11:18)\n    at Object.<anonymous> (F:\\POC\\server-status-logger\\routes.js:1:78)\n    at Module._compile (module.js:653:30)\n    at Object.Module._extensions..js (module.js:664:10)\n    at Module.load (module.js:566:32)\n    at tryModuleLoad (module.js:506:12)\n    at Function.Module._load (module.js:498:3)\n    at Module.require (module.js:597:17)\n    at require (internal/module.js:11:18)\n    at Object.<anonymous> (F:\\POC\\server-status-logger\\index.js:4:16)\n    at Module._compile (module.js:653:30)\n    at Object.Module._extensions..js (module.js:664:10)\n    at Module.load (module.js:566:32)\n    at tryModuleLoad (module.js:506:12)\n    at Function.Module._load (module.js:498:3)\n    at Function.Module.runMain (module.js:694:10)\n    at startup (bootstrap_node.js:204:16)\n    at bootstrap_node.js:625:3',
  exception: true,
  date: 'Fri Dec 21 2018 16:18:10 GMT+0300 (E. Africa Standard Time)',
  process: 
   { pid: 5524,
     uid: null,
     gid: null,
     cwd: 'F:\\POC\\server-status-logger',
     execPath: 'C:\\Program Files\\nodejs\\node.exe',
     version: 'v8.12.0',
     argv: 
      [ 'C:\\Program Files\\nodejs\\node.exe',
        'F:\\POC\\server-status-logger\\index.js' ],
     memoryUsage: 
      { rss: 46768128,
        heapTotal: 34422784,
        heapUsed: 16891800,
        external: 42668 } },
  os: { loadavg: [ 0, 0, 0 ], uptime: 1296306.1047691 },
  trace: 
   [ { column: 15,
       file: 'module.js',
       function: 'Module._resolveFilename',
       line: 548,
       method: '_resolveFilename',
       native: false },
     { column: 25,
       file: 'module.js',
       function: 'Module._load',
       line: 475,
       method: '_load',
       native: false },
     { column: 17,
       file: 'module.js',
       function: 'Module.require',
       line: 597,
       method: 'require',
       native: false },
     { column: 18,
       file: 'internal/module.js',
       function: 'require',
       line: 11,
       method: null,
       native: false },
     { column: 78,
       file: 'F:\\POC\\server-status-logger\\routes.js',
       function: null,
       line: 1,
       method: null,
       native: false },
     { column: 30,
       file: 'module.js',
       function: 'Module._compile',
       line: 653,
       method: '_compile',
       native: false },
     { column: 10,
       file: 'module.js',
       function: 'Module._extensions..js',
       line: 664,
       method: '.js',
       native: false },
     { column: 32,
       file: 'module.js',
       function: 'Module.load',
       line: 566,
       method: 'load',
       native: false },
     { column: 12,
       file: 'module.js',
       function: 'tryModuleLoad',
       line: 506,
       method: null,
       native: false },
     { column: 3,
       file: 'module.js',
       function: 'Module._load',
       line: 498,
       method: '_load',
       native: false },
     { column: 17,
       file: 'module.js',
       function: 'Module.require',
       line: 597,
       method: 'require',
       native: false },
     { column: 18,
       file: 'internal/module.js',
       function: 'require',
       line: 11,
       method: null,
       native: false },
     { column: 16,
       file: 'F:\\POC\\server-status-logger\\index.js',
       function: null,
       line: 4,
       method: null,
       native: false },
     { column: 30,
       file: 'module.js',
       function: 'Module._compile',
       line: 653,
       method: '_compile',
       native: false },
     { column: 10,
       file: 'module.js',
       function: 'Module._extensions..js',
       line: 664,
       method: '.js',
       native: false },
     { column: 32,
       file: 'module.js',
       function: 'Module.load',
       line: 566,
       method: 'load',
       native: false },
     { column: 12,
       file: 'module.js',
       function: 'tryModuleLoad',
       line: 506,
       method: null,
       native: false },
     { column: 3,
       file: 'module.js',
       function: 'Module._load',
       line: 498,
       method: '_load',
       native: false },
     { column: 10,
       file: 'module.js',
       function: 'Module.runMain',
       line: 694,
       method: 'runMain',
       native: false },
     { column: 16,
       file: 'bootstrap_node.js',
       function: 'startup',
       line: 204,
       method: null,
       native: false },
     { column: 3,
       file: 'bootstrap_node.js',
       function: null,
       line: 625,
       method: null,
       native: false } ],
  label: 'http://api.openweathermap.org/data/2.5/weather',
  timestamp: '2018-12-21T13:18:10.371Z',
  [Symbol(level)]: 'error' }
{ error: { Error: Cannot find module './config/server.json'
    at Function.Module._resolveFilename (module.js:548:15)
    at Function.Module._load (module.js:475:25)
    at Module.require (module.js:597:17)
    at require (internal/module.js:11:18)
    at Object.<anonymous> (F:\POC\server-status-logger\routes.js:1:78)
    at Module._compile (module.js:653:30)
    at Object.Module._extensions..js (module.js:664:10)
    at Module.load (module.js:566:32)
    at tryModuleLoad (module.js:506:12)
    at Function.Module._load (module.js:498:3)
    at Module.require (module.js:597:17)
    at require (internal/module.js:11:18)
    at Object.<anonymous> (F:\POC\server-status-logger\index.js:4:16)
    at Module._compile (module.js:653:30)
    at Object.Module._extensions..js (module.js:664:10)
    at Module.load (module.js:566:32)
    at tryModuleLoad (module.js:506:12)
    at Function.Module._load (module.js:498:3)
    at Function.Module.runMain (module.js:694:10)
    at startup (bootstrap_node.js:204:16)
    at bootstrap_node.js:625:3 code: 'MODULE_NOT_FOUND' },
  level: 'error',
  message: 'uncaughtException: Cannot find module \'./config/server.json\'\nError: Cannot find module \'./config/server.json\'\n    at Function.Module._resolveFilename (module.js:548:15)\n    at Function.Module._load (module.js:475:25)\n    at Module.require (module.js:597:17)\n    at require (internal/module.js:11:18)\n    at Object.<anonymous> (F:\\POC\\server-status-logger\\routes.js:1:78)\n    at Module._compile (module.js:653:30)\n    at Object.Module._extensions..js (module.js:664:10)\n    at Module.load (module.js:566:32)\n    at tryModuleLoad (module.js:506:12)\n    at Function.Module._load (module.js:498:3)\n    at Module.require (module.js:597:17)\n    at require (internal/module.js:11:18)\n    at Object.<anonymous> (F:\\POC\\server-status-logger\\index.js:4:16)\n    at Module._compile (module.js:653:30)\n    at Object.Module._extensions..js (module.js:664:10)\n    at Module.load (module.js:566:32)\n    at tryModuleLoad (module.js:506:12)\n    at Function.Module._load (module.js:498:3)\n    at Function.Module.runMain (module.js:694:10)\n    at startup (bootstrap_node.js:204:16)\n    at bootstrap_node.js:625:3',
  stack: 'Error: Cannot find module \'./config/server.json\'\n    at Function.Module._resolveFilename (module.js:548:15)\n    at Function.Module._load (module.js:475:25)\n    at Module.require (module.js:597:17)\n    at require (internal/module.js:11:18)\n    at Object.<anonymous> (F:\\POC\\server-status-logger\\routes.js:1:78)\n    at Module._compile (module.js:653:30)\n    at Object.Module._extensions..js (module.js:664:10)\n    at Module.load (module.js:566:32)\n    at tryModuleLoad (module.js:506:12)\n    at Function.Module._load (module.js:498:3)\n    at Module.require (module.js:597:17)\n    at require (internal/module.js:11:18)\n    at Object.<anonymous> (F:\\POC\\server-status-logger\\index.js:4:16)\n    at Module._compile (module.js:653:30)\n    at Object.Module._extensions..js (module.js:664:10)\n    at Module.load (module.js:566:32)\n    at tryModuleLoad (module.js:506:12)\n    at Function.Module._load (module.js:498:3)\n    at Function.Module.runMain (module.js:694:10)\n    at startup (bootstrap_node.js:204:16)\n    at bootstrap_node.js:625:3',
  exception: true,
  date: 'Fri Dec 21 2018 16:18:39 GMT+0300 (E. Africa Standard Time)',
  process: 
   { pid: 18144,
     uid: null,
     gid: null,
     cwd: 'F:\\POC\\server-status-logger',
     execPath: 'C:\\Program Files\\nodejs\\node.exe',
     version: 'v8.12.0',
     argv: 
      [ 'C:\\Program Files\\nodejs\\node.exe',
        'F:\\POC\\server-status-logger\\index.js' ],
     memoryUsage: 
      { rss: 46743552,
        heapTotal: 33898496,
        heapUsed: 17006544,
        external: 42668 } },
  os: { loadavg: [ 0, 0, 0 ], uptime: 1296334.9381283 },
  trace: 
   [ { column: 15,
       file: 'module.js',
       function: 'Module._resolveFilename',
       line: 548,
       method: '_resolveFilename',
       native: false },
     { column: 25,
       file: 'module.js',
       function: 'Module._load',
       line: 475,
       method: '_load',
       native: false },
     { column: 17,
       file: 'module.js',
       function: 'Module.require',
       line: 597,
       method: 'require',
       native: false },
     { column: 18,
       file: 'internal/module.js',
       function: 'require',
       line: 11,
       method: null,
       native: false },
     { column: 78,
       file: 'F:\\POC\\server-status-logger\\routes.js',
       function: null,
       line: 1,
       method: null,
       native: false },
     { column: 30,
       file: 'module.js',
       function: 'Module._compile',
       line: 653,
       method: '_compile',
       native: false },
     { column: 10,
       file: 'module.js',
       function: 'Module._extensions..js',
       line: 664,
       method: '.js',
       native: false },
     { column: 32,
       file: 'module.js',
       function: 'Module.load',
       line: 566,
       method: 'load',
       native: false },
     { column: 12,
       file: 'module.js',
       function: 'tryModuleLoad',
       line: 506,
       method: null,
       native: false },
     { column: 3,
       file: 'module.js',
       function: 'Module._load',
       line: 498,
       method: '_load',
       native: false },
     { column: 17,
       file: 'module.js',
       function: 'Module.require',
       line: 597,
       method: 'require',
       native: false },
     { column: 18,
       file: 'internal/module.js',
       function: 'require',
       line: 11,
       method: null,
       native: false },
     { column: 16,
       file: 'F:\\POC\\server-status-logger\\index.js',
       function: null,
       line: 4,
       method: null,
       native: false },
     { column: 30,
       file: 'module.js',
       function: 'Module._compile',
       line: 653,
       method: '_compile',
       native: false },
     { column: 10,
       file: 'module.js',
       function: 'Module._extensions..js',
       line: 664,
       method: '.js',
       native: false },
     { column: 32,
       file: 'module.js',
       function: 'Module.load',
       line: 566,
       method: 'load',
       native: false },
     { column: 12,
       file: 'module.js',
       function: 'tryModuleLoad',
       line: 506,
       method: null,
       native: false },
     { column: 3,
       file: 'module.js',
       function: 'Module._load',
       line: 498,
       method: '_load',
       native: false },
     { column: 10,
       file: 'module.js',
       function: 'Module.runMain',
       line: 694,
       method: 'runMain',
       native: false },
     { column: 16,
       file: 'bootstrap_node.js',
       function: 'startup',
       line: 204,
       method: null,
       native: false },
     { column: 3,
       file: 'bootstrap_node.js',
       function: null,
       line: 625,
       method: null,
       native: false } ],
  label: 'http://api.openweathermap.org/data/2.5/weather',
  timestamp: '2018-12-21T13:18:39.205Z',
  [Symbol(level)]: 'error' }
{ error: { Error: Cannot find module './config/server.json'
    at Function.Module._resolveFilename (module.js:548:15)
    at Function.Module._load (module.js:475:25)
    at Module.require (module.js:597:17)
    at require (internal/module.js:11:18)
    at Object.<anonymous> (F:\POC\server-status-logger\routes.js:1:78)
    at Module._compile (module.js:653:30)
    at Object.Module._extensions..js (module.js:664:10)
    at Module.load (module.js:566:32)
    at tryModuleLoad (module.js:506:12)
    at Function.Module._load (module.js:498:3)
    at Module.require (module.js:597:17)
    at require (internal/module.js:11:18)
    at Object.<anonymous> (F:\POC\server-status-logger\index.js:4:16)
    at Module._compile (module.js:653:30)
    at Object.Module._extensions..js (module.js:664:10)
    at Module.load (module.js:566:32)
    at tryModuleLoad (module.js:506:12)
    at Function.Module._load (module.js:498:3)
    at Function.Module.runMain (module.js:694:10)
    at startup (bootstrap_node.js:204:16)
    at bootstrap_node.js:625:3 code: 'MODULE_NOT_FOUND' },
  level: 'error',
  message: 'uncaughtException: Cannot find module \'./config/server.json\'\nError: Cannot find module \'./config/server.json\'\n    at Function.Module._resolveFilename (module.js:548:15)\n    at Function.Module._load (module.js:475:25)\n    at Module.require (module.js:597:17)\n    at require (internal/module.js:11:18)\n    at Object.<anonymous> (F:\\POC\\server-status-logger\\routes.js:1:78)\n    at Module._compile (module.js:653:30)\n    at Object.Module._extensions..js (module.js:664:10)\n    at Module.load (module.js:566:32)\n    at tryModuleLoad (module.js:506:12)\n    at Function.Module._load (module.js:498:3)\n    at Module.require (module.js:597:17)\n    at require (internal/module.js:11:18)\n    at Object.<anonymous> (F:\\POC\\server-status-logger\\index.js:4:16)\n    at Module._compile (module.js:653:30)\n    at Object.Module._extensions..js (module.js:664:10)\n    at Module.load (module.js:566:32)\n    at tryModuleLoad (module.js:506:12)\n    at Function.Module._load (module.js:498:3)\n    at Function.Module.runMain (module.js:694:10)\n    at startup (bootstrap_node.js:204:16)\n    at bootstrap_node.js:625:3',
  stack: 'Error: Cannot find module \'./config/server.json\'\n    at Function.Module._resolveFilename (module.js:548:15)\n    at Function.Module._load (module.js:475:25)\n    at Module.require (module.js:597:17)\n    at require (internal/module.js:11:18)\n    at Object.<anonymous> (F:\\POC\\server-status-logger\\routes.js:1:78)\n    at Module._compile (module.js:653:30)\n    at Object.Module._extensions..js (module.js:664:10)\n    at Module.load (module.js:566:32)\n    at tryModuleLoad (module.js:506:12)\n    at Function.Module._load (module.js:498:3)\n    at Module.require (module.js:597:17)\n    at require (internal/module.js:11:18)\n    at Object.<anonymous> (F:\\POC\\server-status-logger\\index.js:4:16)\n    at Module._compile (module.js:653:30)\n    at Object.Module._extensions..js (module.js:664:10)\n    at Module.load (module.js:566:32)\n    at tryModuleLoad (module.js:506:12)\n    at Function.Module._load (module.js:498:3)\n    at Function.Module.runMain (module.js:694:10)\n    at startup (bootstrap_node.js:204:16)\n    at bootstrap_node.js:625:3',
  exception: true,
  date: 'Fri Dec 21 2018 16:19:40 GMT+0300 (E. Africa Standard Time)',
  process: 
   { pid: 5632,
     uid: null,
     gid: null,
     cwd: 'F:\\POC\\server-status-logger',
     execPath: 'C:\\Program Files\\nodejs\\node.exe',
     version: 'v8.12.0',
     argv: 
      [ 'C:\\Program Files\\nodejs\\node.exe',
        'F:\\POC\\server-status-logger\\index.js' ],
     memoryUsage: 
      { rss: 46759936,
        heapTotal: 33898496,
        heapUsed: 16854376,
        external: 34476 } },
  os: { loadavg: [ 0, 0, 0 ], uptime: 1296396.4316194 },
  trace: 
   [ { column: 15,
       file: 'module.js',
       function: 'Module._resolveFilename',
       line: 548,
       method: '_resolveFilename',
       native: false },
     { column: 25,
       file: 'module.js',
       function: 'Module._load',
       line: 475,
       method: '_load',
       native: false },
     { column: 17,
       file: 'module.js',
       function: 'Module.require',
       line: 597,
       method: 'require',
       native: false },
     { column: 18,
       file: 'internal/module.js',
       function: 'require',
       line: 11,
       method: null,
       native: false },
     { column: 78,
       file: 'F:\\POC\\server-status-logger\\routes.js',
       function: null,
       line: 1,
       method: null,
       native: false },
     { column: 30,
       file: 'module.js',
       function: 'Module._compile',
       line: 653,
       method: '_compile',
       native: false },
     { column: 10,
       file: 'module.js',
       function: 'Module._extensions..js',
       line: 664,
       method: '.js',
       native: false },
     { column: 32,
       file: 'module.js',
       function: 'Module.load',
       line: 566,
       method: 'load',
       native: false },
     { column: 12,
       file: 'module.js',
       function: 'tryModuleLoad',
       line: 506,
       method: null,
       native: false },
     { column: 3,
       file: 'module.js',
       function: 'Module._load',
       line: 498,
       method: '_load',
       native: false },
     { column: 17,
       file: 'module.js',
       function: 'Module.require',
       line: 597,
       method: 'require',
       native: false },
     { column: 18,
       file: 'internal/module.js',
       function: 'require',
       line: 11,
       method: null,
       native: false },
     { column: 16,
       file: 'F:\\POC\\server-status-logger\\index.js',
       function: null,
       line: 4,
       method: null,
       native: false },
     { column: 30,
       file: 'module.js',
       function: 'Module._compile',
       line: 653,
       method: '_compile',
       native: false },
     { column: 10,
       file: 'module.js',
       function: 'Module._extensions..js',
       line: 664,
       method: '.js',
       native: false },
     { column: 32,
       file: 'module.js',
       function: 'Module.load',
       line: 566,
       method: 'load',
       native: false },
     { column: 12,
       file: 'module.js',
       function: 'tryModuleLoad',
       line: 506,
       method: null,
       native: false },
     { column: 3,
       file: 'module.js',
       function: 'Module._load',
       line: 498,
       method: '_load',
       native: false },
     { column: 10,
       file: 'module.js',
       function: 'Module.runMain',
       line: 694,
       method: 'runMain',
       native: false },
     { column: 16,
       file: 'bootstrap_node.js',
       function: 'startup',
       line: 204,
       method: null,
       native: false },
     { column: 3,
       file: 'bootstrap_node.js',
       function: null,
       line: 625,
       method: null,
       native: false } ],
  label: 'http://api.openweathermap.org/data/2.5/weather',
  timestamp: '2018-12-21T13:19:40.694Z',
  [Symbol(level)]: 'error' }
{ error: { Error: Cannot find module './config/server.json'
    at Function.Module._resolveFilename (module.js:548:15)
    at Function.Module._load (module.js:475:25)
    at Module.require (module.js:597:17)
    at require (internal/module.js:11:18)
    at Object.<anonymous> (F:\POC\server-status-logger\routes.js:1:78)
    at Module._compile (module.js:653:30)
    at Object.Module._extensions..js (module.js:664:10)
    at Module.load (module.js:566:32)
    at tryModuleLoad (module.js:506:12)
    at Function.Module._load (module.js:498:3)
    at Module.require (module.js:597:17)
    at require (internal/module.js:11:18)
    at Object.<anonymous> (F:\POC\server-status-logger\index.js:4:16)
    at Module._compile (module.js:653:30)
    at Object.Module._extensions..js (module.js:664:10)
    at Module.load (module.js:566:32)
    at tryModuleLoad (module.js:506:12)
    at Function.Module._load (module.js:498:3)
    at Function.Module.runMain (module.js:694:10)
    at startup (bootstrap_node.js:204:16)
    at bootstrap_node.js:625:3 code: 'MODULE_NOT_FOUND' },
  level: 'error',
  message: 'uncaughtException: Cannot find module \'./config/server.json\'\nError: Cannot find module \'./config/server.json\'\n    at Function.Module._resolveFilename (module.js:548:15)\n    at Function.Module._load (module.js:475:25)\n    at Module.require (module.js:597:17)\n    at require (internal/module.js:11:18)\n    at Object.<anonymous> (F:\\POC\\server-status-logger\\routes.js:1:78)\n    at Module._compile (module.js:653:30)\n    at Object.Module._extensions..js (module.js:664:10)\n    at Module.load (module.js:566:32)\n    at tryModuleLoad (module.js:506:12)\n    at Function.Module._load (module.js:498:3)\n    at Module.require (module.js:597:17)\n    at require (internal/module.js:11:18)\n    at Object.<anonymous> (F:\\POC\\server-status-logger\\index.js:4:16)\n    at Module._compile (module.js:653:30)\n    at Object.Module._extensions..js (module.js:664:10)\n    at Module.load (module.js:566:32)\n    at tryModuleLoad (module.js:506:12)\n    at Function.Module._load (module.js:498:3)\n    at Function.Module.runMain (module.js:694:10)\n    at startup (bootstrap_node.js:204:16)\n    at bootstrap_node.js:625:3',
  stack: 'Error: Cannot find module \'./config/server.json\'\n    at Function.Module._resolveFilename (module.js:548:15)\n    at Function.Module._load (module.js:475:25)\n    at Module.require (module.js:597:17)\n    at require (internal/module.js:11:18)\n    at Object.<anonymous> (F:\\POC\\server-status-logger\\routes.js:1:78)\n    at Module._compile (module.js:653:30)\n    at Object.Module._extensions..js (module.js:664:10)\n    at Module.load (module.js:566:32)\n    at tryModuleLoad (module.js:506:12)\n    at Function.Module._load (module.js:498:3)\n    at Module.require (module.js:597:17)\n    at require (internal/module.js:11:18)\n    at Object.<anonymous> (F:\\POC\\server-status-logger\\index.js:4:16)\n    at Module._compile (module.js:653:30)\n    at Object.Module._extensions..js (module.js:664:10)\n    at Module.load (module.js:566:32)\n    at tryModuleLoad (module.js:506:12)\n    at Function.Module._load (module.js:498:3)\n    at Function.Module.runMain (module.js:694:10)\n    at startup (bootstrap_node.js:204:16)\n    at bootstrap_node.js:625:3',
  exception: true,
  date: 'Fri Dec 21 2018 16:20:04 GMT+0300 (E. Africa Standard Time)',
  process: 
   { pid: 18676,
     uid: null,
     gid: null,
     cwd: 'F:\\POC\\server-status-logger',
     execPath: 'C:\\Program Files\\nodejs\\node.exe',
     version: 'v8.12.0',
     argv: 
      [ 'C:\\Program Files\\nodejs\\node.exe',
        'F:\\POC\\server-status-logger\\index.js' ],
     memoryUsage: 
      { rss: 46731264,
        heapTotal: 34422784,
        heapUsed: 16884808,
        external: 34476 } },
  os: { loadavg: [ 0, 0, 0 ], uptime: 1296420.3118542 },
  trace: 
   [ { column: 15,
       file: 'module.js',
       function: 'Module._resolveFilename',
       line: 548,
       method: '_resolveFilename',
       native: false },
     { column: 25,
       file: 'module.js',
       function: 'Module._load',
       line: 475,
       method: '_load',
       native: false },
     { column: 17,
       file: 'module.js',
       function: 'Module.require',
       line: 597,
       method: 'require',
       native: false },
     { column: 18,
       file: 'internal/module.js',
       function: 'require',
       line: 11,
       method: null,
       native: false },
     { column: 78,
       file: 'F:\\POC\\server-status-logger\\routes.js',
       function: null,
       line: 1,
       method: null,
       native: false },
     { column: 30,
       file: 'module.js',
       function: 'Module._compile',
       line: 653,
       method: '_compile',
       native: false },
     { column: 10,
       file: 'module.js',
       function: 'Module._extensions..js',
       line: 664,
       method: '.js',
       native: false },
     { column: 32,
       file: 'module.js',
       function: 'Module.load',
       line: 566,
       method: 'load',
       native: false },
     { column: 12,
       file: 'module.js',
       function: 'tryModuleLoad',
       line: 506,
       method: null,
       native: false },
     { column: 3,
       file: 'module.js',
       function: 'Module._load',
       line: 498,
       method: '_load',
       native: false },
     { column: 17,
       file: 'module.js',
       function: 'Module.require',
       line: 597,
       method: 'require',
       native: false },
     { column: 18,
       file: 'internal/module.js',
       function: 'require',
       line: 11,
       method: null,
       native: false },
     { column: 16,
       file: 'F:\\POC\\server-status-logger\\index.js',
       function: null,
       line: 4,
       method: null,
       native: false },
     { column: 30,
       file: 'module.js',
       function: 'Module._compile',
       line: 653,
       method: '_compile',
       native: false },
     { column: 10,
       file: 'module.js',
       function: 'Module._extensions..js',
       line: 664,
       method: '.js',
       native: false },
     { column: 32,
       file: 'module.js',
       function: 'Module.load',
       line: 566,
       method: 'load',
       native: false },
     { column: 12,
       file: 'module.js',
       function: 'tryModuleLoad',
       line: 506,
       method: null,
       native: false },
     { column: 3,
       file: 'module.js',
       function: 'Module._load',
       line: 498,
       method: '_load',
       native: false },
     { column: 10,
       file: 'module.js',
       function: 'Module.runMain',
       line: 694,
       method: 'runMain',
       native: false },
     { column: 16,
       file: 'bootstrap_node.js',
       function: 'startup',
       line: 204,
       method: null,
       native: false },
     { column: 3,
       file: 'bootstrap_node.js',
       function: null,
       line: 625,
       method: null,
       native: false } ],
  label: 'http://api.openweathermap.org/data/2.5/weather',
  timestamp: '2018-12-21T13:20:04.577Z',
  [Symbol(level)]: 'error' }
